<?xml version="1.0" encoding="UTF-8"?>
<!-- Generated by org.testng.reporters.JUnitReportReporter -->
<testsuite hostname="VX-LT-0082" failures="0" tests="2" name="SiteTestCases.AnalyticsTests.AnalyticsPageTests" time="182.300" errors="0" timestamp="2022-11-14T12:41:10 PKT" skipped="0">
  <testcase classname="SiteTestCases.AnalyticsTests.AnalyticsPageTests" name="GlobalSearch" time="55.267"/>
  <system-out/>
  <testcase classname="SiteTestCases.AnalyticsTests.AnalyticsPageTests" name="Analytics" time="127.033"/>
  <system-out/>
</testsuite> <!-- SiteTestCases.AnalyticsTests.AnalyticsPageTests -->
