<?xml version="1.0" encoding="UTF-8"?>
<!-- Generated by org.testng.reporters.JUnitReportReporter -->
<testsuite hostname="VX-LT-0082" failures="0" tests="3" name="SiteTestCases.LoginTests.LoginPageTests" time="89.934" errors="0" timestamp="2022-10-13T11:02:02 PKT" skipped="0">
  <testcase classname="SiteTestCases.LoginTests.LoginPageTests" name="LoginViaMagicLink" time="27.466"/>
  <system-out/>
  <testcase classname="SiteTestCases.LoginTests.LoginPageTests" name="ForgotPassword" time="39.460"/>
  <system-out/>
  <testcase classname="SiteTestCases.LoginTests.LoginPageTests" name="LoginNegativeCase" time="23.008"/>
  <system-out/>
</testsuite> <!-- SiteTestCases.LoginTests.LoginPageTests -->
