<?xml version="1.0" encoding="UTF-8"?>
<!-- Generated by org.testng.reporters.JUnitReportReporter -->
<testsuite hostname="VX-LT-0082" failures="0" tests="4" name="SiteTestCases.UsersTests.UsersPageTests" time="915.071" errors="0" timestamp="2022-10-11T11:28:46 PKT" skipped="0">
  <testcase classname="SiteTestCases.UsersTests.UsersPageTests" name="AddNewAdminUser" time="176.184"/>
  <system-out/>
  <testcase classname="SiteTestCases.UsersTests.UsersPageTests" name="AddNewOperatorUser" time="240.808"/>
  <system-out/>
  <testcase classname="SiteTestCases.UsersTests.UsersPageTests" name="AddNewAdminUserFiltersSorting" time="183.199"/>
  <system-out/>
  <testcase classname="SiteTestCases.UsersTests.UsersPageTests" name="AddNewManagerUser" time="314.880"/>
  <system-out/>
</testsuite> <!-- SiteTestCases.UsersTests.UsersPageTests -->
