<?xml version="1.0" encoding="UTF-8"?>
<!-- Generated by org.testng.reporters.JUnitReportReporter -->
<testsuite hostname="VX-LT-0082" failures="0" tests="3" name="SiteTestCases.LoginTests.LoginPageTests" time="96.433" errors="0" timestamp="2022-10-11T11:28:46 PKT" skipped="0">
  <testcase classname="SiteTestCases.LoginTests.LoginPageTests" name="ForgotPassword" time="43.545"/>
  <system-out/>
  <testcase classname="SiteTestCases.LoginTests.LoginPageTests" name="LoginNegativeCase" time="26.097"/>
  <system-out/>
  <testcase classname="SiteTestCases.LoginTests.LoginPageTests" name="LoginViaMagicLink" time="26.791"/>
  <system-out/>
</testsuite> <!-- SiteTestCases.LoginTests.LoginPageTests -->
