<?xml version="1.0" encoding="UTF-8"?>
<!-- Generated by org.testng.reporters.JUnitReportReporter -->
<testsuite hostname="VX-LT-0082" failures="0" tests="1" name="SiteTestCases.LocationsTests.LocationsPageTests" time="37.429" errors="0" timestamp="2022-10-03T14:31:17 PKT" skipped="0">
  <testcase classname="SiteTestCases.LocationsTests.LocationsPageTests" name="AddMailroom" time="37.429"/>
  <system-out/>
</testsuite> <!-- SiteTestCases.LocationsTests.LocationsPageTests -->
