<?xml version="1.0" encoding="UTF-8"?>
<!-- Generated by org.testng.reporters.JUnitReportReporter -->
<testsuite hostname="VX-LT-0082" failures="0" tests="3" name="SiteTestCases.LoginTests.LoginPageTests" time="108.182" errors="0" timestamp="2022-11-14T12:41:10 PKT" skipped="0">
  <testcase classname="SiteTestCases.LoginTests.LoginPageTests" name="LoginViaMagicLink" time="30.059"/>
  <system-out/>
  <testcase classname="SiteTestCases.LoginTests.LoginPageTests" name="ForgotPassword" time="48.341"/>
  <system-out/>
  <testcase classname="SiteTestCases.LoginTests.LoginPageTests" name="LoginNegativeCase" time="29.782"/>
  <system-out/>
</testsuite> <!-- SiteTestCases.LoginTests.LoginPageTests -->
