<?xml version="1.0" encoding="UTF-8"?>
<!-- Generated by org.testng.reporters.JUnitReportReporter -->
<testsuite hostname="VX-LT-0082" failures="0" tests="3" name="SiteTestCases.SettingsTests.WorkflowsTests.WorkflowsPageTests" time="118.911" errors="0" timestamp="2022-10-13T11:02:02 PKT" skipped="0">
  <testcase classname="SiteTestCases.SettingsTests.WorkflowsTests.WorkflowsPageTests" name="CustomizeTemplates" time="28.687"/>
  <system-out/>
  <testcase classname="SiteTestCases.SettingsTests.WorkflowsTests.WorkflowsPageTests" name="PreviewCustomize" time="30.771"/>
  <system-out/>
  <testcase classname="SiteTestCases.SettingsTests.WorkflowsTests.WorkflowsPageTests" name="CreateNewWorkflow" time="59.453"/>
  <system-out/>
</testsuite> <!-- SiteTestCases.SettingsTests.WorkflowsTests.WorkflowsPageTests -->
