<?xml version="1.0" encoding="UTF-8"?>
<!-- Generated by org.testng.reporters.JUnitReportReporter -->
<testsuite hostname="VX-LT-0082" failures="0" tests="1" name="SiteTestCases.AboutUs" time="4.036" errors="0" timestamp="2022-01-05T12:28:35 PKT" skipped="0">
  <testcase classname="SiteTestCases.AboutUs" name="AboutUs" time="4.036"/>
  <system-out/>
</testsuite> <!-- SiteTestCases.AboutUs -->
