<?xml version="1.0" encoding="UTF-8"?>
<!-- Generated by org.testng.reporters.JUnitReportReporter -->
<testsuite hostname="VX-LT-0082" failures="0" tests="1" name="SiteTestCases.CreateAccount" time="19.488" errors="0" timestamp="2022-01-11T12:49:43 PKT" skipped="0">
  <testcase classname="SiteTestCases.CreateAccount" name="CreateAccount" time="19.488"/>
  <system-out/>
</testsuite> <!-- SiteTestCases.CreateAccount -->
