<?xml version="1.0" encoding="UTF-8"?>
<!-- Generated by org.testng.reporters.JUnitReportReporter -->
<testsuite hostname="VX-LT-0082" failures="0" tests="2" name="SiteTestCases.AnalyticsTests.AnalyticsPageTests" time="157.544" errors="0" timestamp="2022-10-11T11:28:46 PKT" skipped="0">
  <testcase classname="SiteTestCases.AnalyticsTests.AnalyticsPageTests" name="GlobalSearch" time="38.925"/>
  <system-out/>
  <testcase classname="SiteTestCases.AnalyticsTests.AnalyticsPageTests" name="Analytics" time="118.619"/>
  <system-out/>
</testsuite> <!-- SiteTestCases.AnalyticsTests.AnalyticsPageTests -->
