<?xml version="1.0" encoding="UTF-8"?>
<!-- Generated by org.testng.reporters.JUnitReportReporter -->
<testsuite hostname="VX-LT-0082" failures="0" tests="3" name="SiteTestCases.SettingsTests.APIandWebhooksTests.APIandWebhooksTestsPage" time="132.262" errors="0" timestamp="2022-10-13T11:02:02 PKT" skipped="0">
  <testcase classname="SiteTestCases.SettingsTests.APIandWebhooksTests.APIandWebhooksTestsPage" name="GenerateAPIKey" time="40.537"/>
  <system-out/>
  <testcase classname="SiteTestCases.SettingsTests.APIandWebhooksTests.APIandWebhooksTestsPage" name="CreateWebhooks" time="52.590"/>
  <system-out/>
  <testcase classname="SiteTestCases.SettingsTests.APIandWebhooksTests.APIandWebhooksTestsPage" name="GenerateLabelOCRAPIKey" time="39.135"/>
  <system-out/>
</testsuite> <!-- SiteTestCases.SettingsTests.APIandWebhooksTests.APIandWebhooksTestsPage -->
