<?xml version="1.0" encoding="UTF-8"?>
<!-- Generated by org.testng.reporters.JUnitReportReporter -->
<testsuite hostname="VX-LT-0082" failures="0" tests="3" name="SiteTestCases.SettingsTests.APIandWebhooksTests.APIandWebhooksTestsPage" time="157.973" errors="0" timestamp="2022-11-14T12:41:10 PKT" skipped="0">
  <testcase classname="SiteTestCases.SettingsTests.APIandWebhooksTests.APIandWebhooksTestsPage" name="GenerateAPIKey" time="47.531"/>
  <system-out/>
  <testcase classname="SiteTestCases.SettingsTests.APIandWebhooksTests.APIandWebhooksTestsPage" name="CreateWebhooks" time="67.273"/>
  <system-out/>
  <testcase classname="SiteTestCases.SettingsTests.APIandWebhooksTests.APIandWebhooksTestsPage" name="GenerateLabelOCRAPIKey" time="43.169"/>
  <system-out/>
</testsuite> <!-- SiteTestCases.SettingsTests.APIandWebhooksTests.APIandWebhooksTestsPage -->
