<?xml version="1.0" encoding="UTF-8"?>
<!-- Generated by org.testng.reporters.JUnitReportReporter -->
<testsuite hostname="VX-LT-0082" failures="0" tests="3" name="SiteTestCases.SettingsTests.WorkflowsTests.WorkflowsPageTests" time="130.901" errors="0" timestamp="2022-10-11T11:28:46 PKT" skipped="0">
  <testcase classname="SiteTestCases.SettingsTests.WorkflowsTests.WorkflowsPageTests" name="CreateNewWorkflow" time="59.270"/>
  <system-out/>
  <testcase classname="SiteTestCases.SettingsTests.WorkflowsTests.WorkflowsPageTests" name="CustomizeTemplates" time="41.770"/>
  <system-out/>
  <testcase classname="SiteTestCases.SettingsTests.WorkflowsTests.WorkflowsPageTests" name="PreviewCustomize" time="29.861"/>
  <system-out/>
</testsuite> <!-- SiteTestCases.SettingsTests.WorkflowsTests.WorkflowsPageTests -->
