<?xml version="1.0" encoding="UTF-8"?>
<!-- Generated by org.testng.reporters.JUnitReportReporter -->
<testsuite hostname="VX-LT-0082" failures="0" tests="2" name="SiteTestCases.AnalyticsTests.AnalyticsPageTests" time="185.934" errors="0" timestamp="2022-10-13T11:02:02 PKT" skipped="0">
  <testcase classname="SiteTestCases.AnalyticsTests.AnalyticsPageTests" name="Analytics" time="124.218"/>
  <system-out/>
  <testcase classname="SiteTestCases.AnalyticsTests.AnalyticsPageTests" name="GlobalSearch" time="61.716"/>
  <system-out/>
</testsuite> <!-- SiteTestCases.AnalyticsTests.AnalyticsPageTests -->
