<?xml version="1.0" encoding="UTF-8"?>
<!-- Generated by org.testng.reporters.JUnitReportReporter -->
<testsuite hostname="VX-LT-0082" failures="0" tests="1" name="SiteTestCases.SettingsTests.AccountSettingsTests.AccountSettingsPageTests" time="27.078" errors="0" timestamp="2022-07-13T16:19:36 PKT" skipped="0">
  <testcase classname="SiteTestCases.SettingsTests.AccountSettingsTests.AccountSettingsPageTests" name="UpdatePassword" time="27.078"/>
  <system-out/>
</testsuite> <!-- SiteTestCases.SettingsTests.AccountSettingsTests.AccountSettingsPageTests -->
