<?xml version="1.0" encoding="UTF-8"?>
<!-- Generated by org.testng.reporters.JUnitReportReporter -->
<testsuite hostname="VX-LT-0082" failures="0" tests="3" name="SiteTestCases.SettingsTests.APIandWebhooksTests.APIandWebhooksTestsPage" time="135.284" errors="0" timestamp="2022-10-11T11:28:46 PKT" skipped="0">
  <testcase classname="SiteTestCases.SettingsTests.APIandWebhooksTests.APIandWebhooksTestsPage" name="CreateWebhooks" time="53.879"/>
  <system-out/>
  <testcase classname="SiteTestCases.SettingsTests.APIandWebhooksTests.APIandWebhooksTestsPage" name="GenerateAPIKey" time="42.785"/>
  <system-out/>
  <testcase classname="SiteTestCases.SettingsTests.APIandWebhooksTests.APIandWebhooksTestsPage" name="GenerateLabelOCRAPIKey" time="38.620"/>
  <system-out/>
</testsuite> <!-- SiteTestCases.SettingsTests.APIandWebhooksTests.APIandWebhooksTestsPage -->
