<?xml version="1.0" encoding="UTF-8"?>
<!-- Generated by org.testng.reporters.JUnitReportReporter -->
<testsuite hostname="VX-LT-0082" failures="0" tests="1" name="SiteTestCases.SettingsTests.CompanyManagementTests.CompanyManagementTestsPage" time="64.895" errors="0" timestamp="2022-11-14T12:41:10 PKT" skipped="0">
  <testcase classname="SiteTestCases.SettingsTests.CompanyManagementTests.CompanyManagementTestsPage" name="SignInOptions_EnableMagicLink" time="64.895"/>
  <system-out/>
</testsuite> <!-- SiteTestCases.SettingsTests.CompanyManagementTests.CompanyManagementTestsPage -->
